# JRE version: OpenJDK Runtime Environment (11.0.10) (build 11.0.10+0-b96-7249189)
# Java VM: OpenJDK 64-Bit Server VM (11.0.10+0-b96-7249189, mixed mode, tiered, compressed oops, g1 gc, windows-amd64)
Heap:
 garbage-first heap   total 382976K, used 198138K [0x0000000080000000, 0x0000000100000000)
  region size 1024K, 2 young (2048K), 2 survivors (2048K)
 Metaspace       used 125995K, capacity 129067K, committed 129188K, reserved 1161216K
  class space    used 15866K, capacity 17031K, committed 17060K, reserved 1048576K
GC Heap History (20 events):
Event: 8141.201 GC heap after
{Heap after GC invocations=44 (full 0):
 garbage-first heap   total 227328K, used 129952K [0x0000000080000000, 0x0000000100000000)
  region size 1024K, 4 young (4096K), 4 survivors (4096K)
 Metaspace       used 119186K, capacity 121888K, committed 122148K, reserved 1155072K
  class space    used 14775K, capacity 15802K, committed 15908K, reserved 1048576K
}
Event: 8141.392 GC heap before
{Heap before GC invocations=44 (full 0):
 garbage-first heap   total 227328K, used 136096K [0x0000000080000000, 0x0000000100000000)
  region size 1024K, 11 young (11264K), 4 survivors (4096K)
 Metaspace       used 119273K, capacity 122025K, committed 122404K, reserved 1155072K
  class space    used 14782K, capacity 15803K, committed 15908K, reserved 1048576K
}
Event: 8141.423 GC heap after
{Heap after GC invocations=45 (full 0):
 garbage-first heap   total 227328K, used 116043K [0x0000000080000000, 0x0000000100000000)
  region size 1024K, 1 young (1024K), 1 survivors (1024K)
 Metaspace       used 119273K, capacity 122025K, committed 122404K, reserved 1155072K
  class space    used 14782K, capacity 15803K, committed 15908K, reserved 1048576K
}
Event: 8141.706 GC heap before
{Heap before GC invocations=45 (full 0):
 garbage-first heap   total 227328K, used 125259K [0x0000000080000000, 0x0000000100000000)
  region size 1024K, 11 young (11264K), 1 survivors (1024K)
 Metaspace       used 119400K, capacity 122153K, committed 122532K, reserved 1155072K
  class space    used 14803K, capacity 15845K, committed 16036K, reserved 1048576K
}
Event: 8141.730 GC heap after
{Heap after GC invocations=46 (full 0):
 garbage-first heap   total 227328K, used 115525K [0x0000000080000000, 0x0000000100000000)
  region size 1024K, 1 young (1024K), 1 survivors (1024K)
 Metaspace       used 119400K, capacity 122153K, committed 122532K, reserved 1155072K
  class space    used 14803K, capacity 15845K, committed 16036K, reserved 1048576K
}
Event: 8142.321 GC heap before
{Heap before GC invocations=46 (full 0):
 garbage-first heap   total 227328K, used 125765K [0x0000000080000000, 0x0000000100000000)
  region size 1024K, 13 young (13312K), 1 survivors (1024K)
 Metaspace       used 119649K, capacity 122412K, committed 122788K, reserved 1157120K
  class space    used 14829K, capacity 15884K, committed 16036K, reserved 1048576K
}
Event: 8142.332 GC heap after
{Heap after GC invocations=47 (full 0):
 garbage-first heap   total 227328K, used 116175K [0x0000000080000000, 0x0000000100000000)
  region size 1024K, 2 young (2048K), 2 survivors (2048K)
 Metaspace       used 119649K, capacity 122412K, committed 122788K, reserved 1157120K
  class space    used 14829K, capacity 15884K, committed 16036K, reserved 1048576K
}
Event: 8143.937 GC heap before
{Heap before GC invocations=48 (full 0):
 garbage-first heap   total 227328K, used 187855K [0x0000000080000000, 0x0000000100000000)
  region size 1024K, 49 young (50176K), 2 survivors (2048K)
 Metaspace       used 120871K, capacity 123711K, committed 123940K, reserved 1157120K
  class space    used 14997K, capacity 16068K, committed 16164K, reserved 1048576K
}
Event: 8143.956 GC heap after
{Heap after GC invocations=49 (full 0):
 garbage-first heap   total 227328K, used 144268K [0x0000000080000000, 0x0000000100000000)
  region size 1024K, 7 young (7168K), 7 survivors (7168K)
 Metaspace       used 120871K, capacity 123711K, committed 123940K, reserved 1157120K
  class space    used 14997K, capacity 16068K, committed 16164K, reserved 1048576K
}
Event: 8144.002 GC heap before
{Heap before GC invocations=49 (full 0):
 garbage-first heap   total 227328K, used 147340K [0x0000000080000000, 0x0000000100000000)
  region size 1024K, 11 young (11264K), 7 survivors (7168K)
 Metaspace       used 120908K, capacity 123723K, committed 123940K, reserved 1157120K
  class space    used 15001K, capacity 16070K, committed 16164K, reserved 1048576K
}
Event: 8144.022 GC heap after
{Heap after GC invocations=50 (full 0):
 garbage-first heap   total 227328K, used 143641K [0x0000000080000000, 0x0000000100000000)
  region size 1024K, 2 young (2048K), 2 survivors (2048K)
 Metaspace       used 120908K, capacity 123723K, committed 123940K, reserved 1157120K
  class space    used 15001K, capacity 16070K, committed 16164K, reserved 1048576K
}
Event: 8144.449 GC heap before
{Heap before GC invocations=50 (full 0):
 garbage-first heap   total 227328K, used 162073K [0x0000000080000000, 0x0000000100000000)
  region size 1024K, 21 young (21504K), 2 survivors (2048K)
 Metaspace       used 121456K, capacity 124253K, committed 124452K, reserved 1157120K
  class space    used 15062K, capacity 16111K, committed 16164K, reserved 1048576K
}
Event: 8144.497 GC heap after
{Heap after GC invocations=51 (full 0):
 garbage-first heap   total 273408K, used 150103K [0x0000000080000000, 0x0000000100000000)
  region size 1024K, 5 young (5120K), 5 survivors (5120K)
 Metaspace       used 121456K, capacity 124253K, committed 124452K, reserved 1157120K
  class space    used 15062K, capacity 16111K, committed 16164K, reserved 1048576K
}
Event: 8145.688 GC heap before
{Heap before GC invocations=52 (full 0):
 garbage-first heap   total 273408K, used 201303K [0x0000000080000000, 0x0000000100000000)
  region size 1024K, 55 young (56320K), 5 survivors (5120K)
 Metaspace       used 123955K, capacity 126815K, committed 127012K, reserved 1159168K
  class space    used 15570K, capacity 16650K, committed 16676K, reserved 1048576K
}
Event: 8145.744 GC heap after
{Heap after GC invocations=53 (full 0):
 garbage-first heap   total 273408K, used 172008K [0x0000000080000000, 0x0000000100000000)
  region size 1024K, 7 young (7168K), 7 survivors (7168K)
 Metaspace       used 123955K, capacity 126815K, committed 127012K, reserved 1159168K
  class space    used 15570K, capacity 16650K, committed 16676K, reserved 1048576K
}
Event: 8146.136 GC heap before
{Heap before GC invocations=53 (full 0):
 garbage-first heap   total 273408K, used 208872K [0x0000000080000000, 0x0000000100000000)
  region size 1024K, 44 young (45056K), 7 survivors (7168K)
 Metaspace       used 124023K, capacity 126879K, committed 127012K, reserved 1159168K
  class space    used 15573K, capacity 16650K, committed 16676K, reserved 1048576K
}
Event: 8146.205 GC heap after
{Heap after GC invocations=54 (full 0):
 garbage-first heap   total 273408K, used 191488K [0x0000000080000000, 0x0000000100000000)
  region size 1024K, 6 young (6144K), 6 survivors (6144K)
 Metaspace       used 124023K, capacity 126879K, committed 127012K, reserved 1159168K
  class space    used 15573K, capacity 16650K, committed 16676K, reserved 1048576K
}
Event: 8147.571 GC heap before
{Heap before GC invocations=55 (full 0):
 garbage-first heap   total 273408K, used 217088K [0x0000000080000000, 0x0000000100000000)
  region size 1024K, 32 young (32768K), 6 survivors (6144K)
 Metaspace       used 125839K, capacity 128916K, committed 129188K, reserved 1161216K
  class space    used 15842K, capacity 16982K, committed 17060K, reserved 1048576K
}
Event: 8147.601 GC heap after
{Heap after GC invocations=56 (full 0):
 garbage-first heap   total 273408K, used 197084K [0x0000000080000000, 0x0000000100000000)
  region size 1024K, 4 young (4096K), 4 survivors (4096K)
 Metaspace       used 125839K, capacity 128916K, committed 129188K, reserved 1161216K
  class space    used 15842K, capacity 16982K, committed 17060K, reserved 1048576K
}
Event: 8148.429 GC heap before
{Heap before GC invocations=56 (full 0):
 garbage-first heap   total 273408K, used 206300K [0x0000000080000000, 0x0000000100000000)
  region size 1024K, 13 young (13312K), 4 survivors (4096K)
 Metaspace       used 125995K, capacity 129067K, committed 129188K, reserved 1161216K
  class space    used 15866K, capacity 17031K, committed 17060K, reserved 1048576K
}

